[0mCompiling "resources/public/js/compiled/lobby.js" from ["src/cljs"]...[0m
[32mSuccessfully compiled "resources/public/js/compiled/lobby.js" in 1.1 seconds.[0m
notifying browser that file changed:  resources/public/js/compiled/out/goog/deps.js
notifying browser that file changed:  resources/public/js/compiled/out/cljs_deps.js
notifying browser that file changed:  resources\public\js\compiled\out\lobby\comms.js
[0mCompiling "resources/public/js/compiled/lobby.js" from ["src/cljs"]...[0m
[32mSuccessfully compiled "resources/public/js/compiled/lobby.js" in 1.057 seconds.[0m
notifying browser that file changed:  resources\public\js\compiled\out\lobby\comms.js
[0mCompiling "resources/public/js/compiled/lobby.js" from ["src/cljs"]...[0m
[36m----  Compiler Warning on   src/cljs/lobby/view.cljs   line:6  column:28  ----[0m

  [1mNo such namespace: comms, could not locate comms.cljs, comms.cljc, or JavaScript source providing "comms"[0m

  [36m3[0m  [36m(defn main [][0m
  [36m4[0m  [36m  [:div[0m
  [36m5[0m  [36m		[:div "Generated by ClojureScript"][0m
  [33m6[0m  [1m		[:button.btn {:on-click (comms/sendone)} "Click Me"]])[0m
  [0m [0m  [33m                           ^--- No such namespace: comms, could not locate comms.cljs, comms.cljc, or JavaScript source providing "comms"[0m

[36m----  Compiler Warning : Please see src/cljs/lobby/view.cljs  ----[0m
[36m----  Compiler Warning on   src/cljs/lobby/view.cljs   line:6  column:28  ----[0m

  [1mUse of undeclared Var comms/sendone[0m

  [36m3[0m  [36m(defn main [][0m
  [36m4[0m  [36m  [:div[0m
  [36m5[0m  [36m		[:div "Generated by ClojureScript"][0m
  [33m6[0m  [1m		[:button.btn {:on-click (comms/sendone)} "Click Me"]])[0m
  [0m [0m  [33m                           ^--- Use of undeclared Var comms/sendone[0m

[36m----  Compiler Warning : Please see src/cljs/lobby/view.cljs  ----[0m
[32mSuccessfully compiled "resources/public/js/compiled/lobby.js" in 1.049 seconds.[0m
notifying browser that file changed:  resources\public\js\compiled\out\lobby\view.js
[0mCompiling "resources/public/js/compiled/lobby.js" from ["src/cljs"]...[0m
[31mFailed to compile "resources/public/js/compiled/lobby.js" in 0.02 seconds.[0m
[36m----  Could not Analyze  src/cljs/lobby/view.cljs   line:1  column:1  ----[0m

  [1m:as must be followed by a symbol in :require / :require-macros; offending spec: [lobby.comms :as :comms] at line 1 src\cljs\lobby\view.cljs[0m

  [33m1[0m  [1m(ns lobby.view[0m
  [0m [0m  [33m^--- :as must be followed by a symbol in :require / :require-macros; offending spec: [lobby.comms :as :comms] at line 1 src\cljs\lobby\view.cljs[0m
  [36m2[0m  [36m	(:require [lobby.comms :as :comms]))[0m
  [36m3[0m  [36m[0m
  [36m4[0m  [36m(defn main [][0m

[36m----  Analysis Error : Please see src/cljs/lobby/view.cljs  ----[0m
[0mCompiling "resources/public/js/compiled/lobby.js" from ["src/cljs"]...[0m
[31mFailed to compile "resources/public/js/compiled/lobby.js" in 0.017 seconds.[0m
[36m----  Could not Analyze  src/cljs/lobby/view.cljs   line:1  column:1  ----[0m

  [1m:as must be followed by a symbol in :require / :require-macros; offending spec: [lobby.comms :as :comms] at line 1 src\cljs\lobby\view.cljs[0m

  [33m1[0m  [1m(ns lobby.view[0m
  [0m [0m  [33m^--- :as must be followed by a symbol in :require / :require-macros; offending spec: [lobby.comms :as :comms] at line 1 src\cljs\lobby\view.cljs[0m
  [36m2[0m  [36m	(:require [lobby.comms :as :comms]))[0m
  [36m3[0m  [36m[0m
  [36m4[0m  [36m(defn main [][0m

[36m----  Analysis Error : Please see src/cljs/lobby/view.cljs  ----[0m
[0mCompiling "resources/public/js/compiled/lobby.js" from ["src/cljs"]...[0m
[32mSuccessfully compiled "resources/public/js/compiled/lobby.js" in 0.938 seconds.[0m
notifying browser that file changed:  resources/public/js/compiled/out/cljs_deps.js
notifying browser that file changed:  resources\public\js\compiled\out\lobby\view.js
[0mCompiling "resources/public/js/compiled/lobby.js" from ["src/cljs"]...[0m
[32mSuccessfully compiled "resources/public/js/compiled/lobby.js" in 0.959 seconds.[0m
notifying browser that file changed:  resources\public\js\compiled\out\lobby\view.js
[0mCompiling "resources/public/js/compiled/lobby.js" from ["src/cljs"]...[0m
[32mSuccessfully compiled "resources/public/js/compiled/lobby.js" in 1.123 seconds.[0m
notifying browser that file changed:  resources\public\js\compiled\out\lobby\view.js
[0mCompiling "resources/public/js/compiled/lobby.js" from ["src/cljs"]...[0m
[32mSuccessfully compiled "resources/public/js/compiled/lobby.js" in 1.052 seconds.[0m
notifying browser that file changed:  resources/public/js/compiled/out/cljs_deps.js
notifying browser that file changed:  resources\public\js\compiled\out\lobby\comms.js
[0mCompiling "resources/public/js/compiled/lobby.js" from ["src/cljs"]...[0m
[32mSuccessfully compiled "resources/public/js/compiled/lobby.js" in 0.922 seconds.[0m
notifying browser that file changed:  resources/public/js/compiled/out/cljs_deps.js
notifying browser that file changed:  resources\public\js\compiled\out\lobby\view.js
[0mCompiling "resources/public/js/compiled/lobby.js" from ["src/cljs"]...[0m
[36m----  Compiler Warning on   src/cljs/lobby/view.cljs   line:9  column:17  ----[0m

  [1mUse of undeclared Var lobby.model/appstate[0m

  [36m 6[0m  [36m(defn main [][0m
  [36m 7[0m  [36m  [:div[0m
  [36m 8[0m  [36m		[:div "Generated by ClojureScript"][0m
  [33m 9[0m  [1m		[:div (:data @model/appstate)][0m
  [0m  [0m  [33m                ^--- Use of undeclared Var lobby.model/appstate[0m
  [36m10[0m  [36m		[:button.btn {:on-click #(comms/sendone)} "Click Me"]])[0m

[36m----  Compiler Warning : Please see src/cljs/lobby/view.cljs  ----[0m
[32mSuccessfully compiled "resources/public/js/compiled/lobby.js" in 0.985 seconds.[0m
notifying browser that file changed:  resources\public\js\compiled\out\lobby\view.js
[0mCompiling "resources/public/js/compiled/lobby.js" from ["src/cljs"]...[0m
[36m----  Compiler Warning on   src/cljs/lobby/view.cljs   line:9  column:17  ----[0m

  [1mUse of undeclared Var lobby.model/app[0m

  [36m 6[0m  [36m(defn main [][0m
  [36m 7[0m  [36m  [:div[0m
  [36m 8[0m  [36m		[:div "Generated by ClojureScript"][0m
  [33m 9[0m  [1m		[:div (:data @model/app)][0m
  [0m  [0m  [33m                ^--- Use of undeclared Var lobby.model/app[0m
  [36m10[0m  [36m		[:button.btn {:on-click #(comms/sendone)} "Click Me"]])[0m

[36m----  Compiler Warning : Please see src/cljs/lobby/view.cljs  ----[0m
[32mSuccessfully compiled "resources/public/js/compiled/lobby.js" in 1.09 seconds.[0m
notifying browser that file changed:  resources\public\js\compiled\out\lobby\view.js
[0mCompiling "resources/public/js/compiled/lobby.js" from ["src/cljs"]...[0m
[36m----  Compiler Warning on   src/cljs/lobby/view.cljs   line:9  column:17  ----[0m

  [1mUse of undeclared Var lobby.model/app[0m

  [36m 6[0m  [36m(defn main [][0m
  [36m 7[0m  [36m  [:div[0m
  [36m 8[0m  [36m		[:div "Generated by ClojureScript"][0m
  [33m 9[0m  [1m		[:div (:data @model/app)][0m
  [0m  [0m  [33m                ^--- Use of undeclared Var lobby.model/app[0m
  [36m10[0m  [36m		[:button.btn {:on-click #(comms/sendone)} "Click Me"]])[0m

[36m----  Compiler Warning : Please see src/cljs/lobby/view.cljs  ----[0m
[32mSuccessfully compiled "resources/public/js/compiled/lobby.js" in 0.95 seconds.[0m
notifying browser that file changed:  resources\public\js\compiled\out\lobby\view.js
[0mCompiling "resources/public/js/compiled/lobby.js" from ["src/cljs"]...[0m
[32mSuccessfully compiled "resources/public/js/compiled/lobby.js" in 0.995 seconds.[0m
notifying browser that file changed:  resources/public/js/compiled/out/cljs_deps.js
notifying browser that file changed:  resources\public\js\compiled\out\lobby\model.js
[0mCompiling "resources/public/js/compiled/lobby.js" from ["src/cljs"]...[0m
[32mSuccessfully compiled "resources/public/js/compiled/lobby.js" in 0.946 seconds.[0m
notifying browser that file changed:  resources\public\js\compiled\out\lobby\comms.js
[0mCompiling "resources/public/js/compiled/lobby.js" from ["src/cljs"]...[0m
[36m----  Compiler Warning on   src/cljs/lobby/comms.cljs   line:16  column:39  ----[0m

  [1mUse of undeclared Var lobby.model/responsehandler[0m

  [36m13[0m  [36m(defn sendone [][0m
  [36m14[0m  [36m	(chsk-send! [:lobby/check][0m
  [36m15[0m  [36m							5000[0m
  [33m16[0m  [1m							(fn [cb-reply] (prn cb-reply) (model/responsehandler cb-reply))))[0m
  [0m  [0m  [33m                                      ^--- Use of undeclared Var lobby.model/responsehandler[0m
  [36m17[0m  [36m[0m
  [36m18[0m  [36m;;;; Sente send functions[0m
  [36m19[0m  [36m[0m
  [36m20[0m  [36m;(defn load-data! [][0m
  [36m21[0m  [36m;  (chsk-send! [:gkv2/data] [0m

[36m----  Compiler Warning : Please see src/cljs/lobby/comms.cljs  ----[0m
[32mSuccessfully compiled "resources/public/js/compiled/lobby.js" in 1.088 seconds.[0m
notifying browser that file changed:  resources\public\js\compiled\out\lobby\comms.js
[0mCompiling "resources/public/js/compiled/lobby.js" from ["src/cljs"]...[0m
[32mSuccessfully compiled "resources/public/js/compiled/lobby.js" in 0.874 seconds.[0m
notifying browser that file changed:  resources\public\js\compiled\out\lobby\model.js
[0mCompiling "resources/public/js/compiled/lobby.js" from ["src/cljs"]...[0m
[36m----  Compiler Warning on   src/cljs/lobby/comms.cljs   line:16  column:39  ----[0m

  [1mUse of undeclared Var lobby.model/responsehandler[0m

  [36m13[0m  [36m(defn sendone [][0m
  [36m14[0m  [36m	(chsk-send! [:lobby/check][0m
  [36m15[0m  [36m							5000[0m
  [33m16[0m  [1m							(fn [cb-reply] (prn cb-reply) (model/responsehandler cb-reply))))[0m
  [0m  [0m  [33m                                      ^--- Use of undeclared Var lobby.model/responsehandler[0m
  [36m17[0m  [36m[0m
  [36m18[0m  [36m;;;; Sente send functions[0m
  [36m19[0m  [36m[0m
  [36m20[0m  [36m;(defn load-data! [][0m
  [36m21[0m  [36m;  (chsk-send! [:gkv2/data] [0m

[36m----  Compiler Warning : Please see src/cljs/lobby/comms.cljs  ----[0m
[32mSuccessfully compiled "resources/public/js/compiled/lobby.js" in 1.077 seconds.[0m
notifying browser that file changed:  resources\public\js\compiled\out\lobby\model.js
[0mCompiling "resources/public/js/compiled/lobby.js" from ["src/cljs"]...[0m
[32mSuccessfully compiled "resources/public/js/compiled/lobby.js" in 0.919 seconds.[0m
notifying browser that file changed:  resources\public\js\compiled\out\lobby\comms.js
